#
# There is insufficient memory for the Java Runtime Environment to continue.
# Native memory allocation (mmap) failed to map 67108864 bytes for G1 virtual space
# Possible reasons:
#   The system is out of physical RAM or swap space
#   The process is running with CompressedOops enabled, and the Java Heap may be blocking the growth of the native heap
# Possible solutions:
#   Reduce memory load on the system
#   Increase physical memory or swap space
#   Check if swap backing store is full
#   Decrease Java heap size (-Xmx/-Xms)
#   Decrease number of Java threads
#   Decrease Java thread stack sizes (-Xss)
#   Set larger code cache with -XX:ReservedCodeCacheSize=
#   JVM is running with Unscaled Compressed Oops mode in which the Java heap is
#     placed in the first 4GB address space. The Java Heap base address is the
#     maximum limit for the native heap growth. Please use -XX:HeapBaseMinAddress
#     to set the Java Heap base and to place the Java Heap above 4GB virtual address.
# This output file may be truncated or incomplete.
#
#  Out of Memory Error (os_windows.cpp:3528), pid=15704, tid=18280
#
# JRE version:  (20.0.1+9) (build )
# Java VM: Java HotSpot(TM) 64-Bit Server VM (20.0.1+9-29, mixed mode, sharing, tiered, compressed oops, compressed class ptrs, g1 gc, windows-amd64)
# No core dump will be written. Minidumps are not enabled by default on client versions of Windows
#

---------------  S U M M A R Y ------------

Command Line: -Dfile.encoding=UTF-8 --module-path=C:\Users\Ankit Yadav\Documents\NetBeansProjects\bank management system\build\classes bank.management.system.SignupThree

Host: Intel(R) Core(TM) i5-3210M CPU @ 2.50GHz, 4 cores, 3G,  Windows 10 , 64 bit Build 15063 (10.0.15063.1058)
Time: Tue Feb  6 00:06:46 2024 India Standard Time elapsed time: 0.248483 seconds (0d 0h 0m 0s)

---------------  T H R E A D  ---------------

Current thread (0x0000025fa8a46e30):  JavaThread "Unknown thread" [_thread_in_vm, id=18280, stack(0x000000a7afe00000,0x000000a7aff00000)]

Stack: [0x000000a7afe00000,0x000000a7aff00000]
Native frames: (J=compiled Java code, j=interpreted, Vv=VM code, C=native code)
V  [jvm.dll+0x6bb95a]
V  [jvm.dll+0x8485fa]
V  [jvm.dll+0x84a1f5]
V  [jvm.dll+0x84a8f3]
V  [jvm.dll+0x280b0f]
V  [jvm.dll+0x6b86e9]
V  [jvm.dll+0x6ad2da]
V  [jvm.dll+0x35adf5]
V  [jvm.dll+0x363016]
V  [jvm.dll+0x3b3b3e]
V  [jvm.dll+0x3b3dc5]
V  [jvm.dll+0x32b50a]
V  [jvm.dll+0x32c32b]
V  [jvm.dll+0x8112bf]
V  [jvm.dll+0x3c0d91]
V  [jvm.dll+0x7fcfe3]
V  [jvm.dll+0x44c76f]
V  [jvm.dll+0x44e0e1]
C  [jli.dll+0x5287]
C  [ucrtbase.dll+0x20279]
C  [KERNEL32.DLL+0x12784]
C  [ntdll.dll+0x50c51]


---------------  P R O C E S S  ---------------

Threads class SMR info:
_java_thread_list=0x00007ffe0020a098, length=0, elements={
}

Java Threads: ( => current thread )

Other Threads:
  0x0000025fa8a87ba0 WorkerThread "GC Thread#0" [stack: 0x000000a7aff00000,0x000000a7b0000000] [id=15496]
  0x0000025fa8a90990 ConcurrentGCThread "G1 Main Marker" [stack: 0x000000a7b0000000,0x000000a7b0100000] [id=18092]
  0x0000025fa8a913c0 WorkerThread "G1 Conc#0" [stack: 0x000000a7b0100000,0x000000a7b0200000] [id=18364]

[error occurred during error reporting (printing all threads), id 0xc0000005, EXCEPTION_ACCESS_VIOLATION (0xc0000005) at pc=0x00007ffdff9eeb47]
VM state: not at safepoint (not fully initialized)

VM Mutex/Monitor currently owned by a thread:  ([mutex/lock_event])
[0x0000025fa8a440e0] Heap_lock - owner thread: 0x0000025fa8a46e30

Heap address: 0x00000000c1600000, size: 1002 MB, Compressed Oops mode: 32-bit

CDS archive(s) mapped at: [0x0000000000000000-0x0000000000000000-0x0000000000000000), size 0, SharedBaseAddress: 0x0000000800000000, ArchiveRelocationMode: 0.
Narrow klass base: 0x0000000000000000, Narrow klass shift: 0, Narrow klass range: 0x0

GC Precious Log:
 CardTable entry size: 512
 Card Set container configuration: InlinePtr #cards 5 size 8 Array Of Cards #cards 12 size 40 Howl #buckets 4 coarsen threshold 1843 Howl Bitmap #cards 512 size 80 coarsen threshold 460 Card regions per heap region 1 cards per card region 2048

Heap:
 garbage-first heap   total 0K, used 0K [0x00000000c1600000, 0x0000000100000000)
  region size 1024K, 0 young (0K), 0 survivors (0K)

[error occurred during error reporting (printing heap information), id 0xc0000005, EXCEPTION_ACCESS_VIOLATION (0xc0000005) at pc=0x00007ffdffdc3c59]
GC Heap History (0 events):
No events

Dll operation events (1 events):
Event: 0.010 Loaded shared library C:\Program Files\Java\jdk-20\bin\java.dll

Deoptimization events (0 events):
No events

Classes loaded (0 events):
No events

Classes unloaded (0 events):
No events

Classes redefined (0 events):
No events

Internal exceptions (0 events):
No events

VM Operations (0 events):
No events

Events (0 events):
No events


Dynamic libraries:
0x00007ff670bb0000 - 0x00007ff670bc0000 	C:\Program Files\Java\jdk-20\bin\java.exe
0x00007ffe2f910000 - 0x00007ffe2faeb000 	C:\Windows\SYSTEM32\ntdll.dll
0x00007ffe2f470000 - 0x00007ffe2f51e000 	C:\Windows\System32\KERNEL32.DLL
0x00007ffe2c060000 - 0x00007ffe2c2aa000 	C:\Windows\System32\KERNELBASE.dll
0x00007ffe2cd70000 - 0x00007ffe2ce66000 	C:\Windows\System32\ucrtbase.dll
0x00007ffe21380000 - 0x00007ffe21399000 	C:\Program Files\Java\jdk-20\bin\jli.dll
0x00007ffe20f10000 - 0x00007ffe20f2b000 	C:\Program Files\Java\jdk-20\bin\VCRUNTIME140.dll
0x00007ffe2d740000 - 0x00007ffe2d7e1000 	C:\Windows\System32\ADVAPI32.dll
0x00007ffe2f820000 - 0x00007ffe2f8bd000 	C:\Windows\System32\msvcrt.dll
0x00007ffe2ee40000 - 0x00007ffe2ee99000 	C:\Windows\System32\sechost.dll
0x00007ffe2d610000 - 0x00007ffe2d735000 	C:\Windows\System32\RPCRT4.dll
0x00007ffe2f040000 - 0x00007ffe2f18a000 	C:\Windows\System32\USER32.dll
0x00007ffe1f9a0000 - 0x00007ffe1fc07000 	C:\Windows\WinSxS\amd64_microsoft.windows.common-controls_6595b64144ccf1df_6.0.15063.1155_none_40c7922129a7722b\COMCTL32.dll
0x00007ffe2bf40000 - 0x00007ffe2bf5e000 	C:\Windows\System32\win32u.dll
0x00007ffe2f520000 - 0x00007ffe2f819000 	C:\Windows\System32\combase.dll
0x00007ffe2f420000 - 0x00007ffe2f447000 	C:\Windows\System32\GDI32.dll
0x00007ffe2cbe0000 - 0x00007ffe2cd68000 	C:\Windows\System32\gdi32full.dll
0x00007ffe2bed0000 - 0x00007ffe2bf3a000 	C:\Windows\System32\bcryptPrimitives.dll
0x00007ffe2be30000 - 0x00007ffe2beca000 	C:\Windows\System32\msvcp_win.dll
0x00007ffe1e520000 - 0x00007ffe1e52a000 	C:\Windows\SYSTEM32\VERSION.dll
0x00007ffe2f8c0000 - 0x00007ffe2f8ed000 	C:\Windows\System32\IMM32.DLL
0x00007ffe22e90000 - 0x00007ffe22e9c000 	C:\Program Files\Java\jdk-20\bin\vcruntime140_1.dll
0x00007ffe1c450000 - 0x00007ffe1c4de000 	C:\Program Files\Java\jdk-20\bin\msvcp140.dll
0x00007ffdff6b0000 - 0x00007ffe00347000 	C:\Program Files\Java\jdk-20\bin\server\jvm.dll
0x00007ffe23c90000 - 0x00007ffe23c99000 	C:\Windows\SYSTEM32\WSOCK32.dll
0x00007ffe29f70000 - 0x00007ffe29f93000 	C:\Windows\SYSTEM32\WINMM.dll
0x00007ffe2ce70000 - 0x00007ffe2cedc000 	C:\Windows\System32\WS2_32.dll
0x00007ffe29f40000 - 0x00007ffe29f6b000 	C:\Windows\SYSTEM32\WINMMBASE.dll
0x00007ffe2bf60000 - 0x00007ffe2bfa9000 	C:\Windows\System32\cfgmgr32.dll
0x00007ffe2bda0000 - 0x00007ffe2bdb1000 	C:\Windows\System32\kernel.appcore.dll
0x00007ffe22420000 - 0x00007ffe2242a000 	C:\Program Files\Java\jdk-20\bin\jimage.dll
0x00007ffe1f0d0000 - 0x00007ffe1f279000 	C:\Windows\SYSTEM32\DBGHELP.DLL
0x00007ffe1f070000 - 0x00007ffe1f099000 	C:\Windows\SYSTEM32\dbgcore.DLL
0x00007ffe20ea0000 - 0x00007ffe20ec6000 	C:\Program Files\Java\jdk-20\bin\java.dll

dbghelp: loaded successfully - version: 4.0.5 - missing functions: none
symbol engine: initialized successfully - sym options: 0x614 - pdb path: .;C:\Program Files\Java\jdk-20\bin;C:\Windows\SYSTEM32;C:\Windows\WinSxS\amd64_microsoft.windows.common-controls_6595b64144ccf1df_6.0.15063.1155_none_40c7922129a7722b;C:\Program Files\Java\jdk-20\bin\server

VM Arguments:
jvm_args: -Dfile.encoding=UTF-8 --module-path=C:\Users\Ankit Yadav\Documents\NetBeansProjects\bank management system\build\classes 
java_command: bank.management.system.SignupThree
java_class_path (initial): E:\jcalendar-tz-1.3.3-4.jar;C:\mysql-connector-j-8.0.33.jar;C:\Users\Ankit Yadav\Documents\NetBeansProjects\bank management system\build\classes
Launcher Type: SUN_STANDARD

[Global flags]
     intx CICompilerCount                          = 3                                         {product} {ergonomic}
     uint ConcGCThreads                            = 1                                         {product} {ergonomic}
     uint G1ConcRefinementThreads                  = 4                                         {product} {ergonomic}
   size_t G1HeapRegionSize                         = 1048576                                   {product} {ergonomic}
    uintx GCDrainStackTargetSize                   = 64                                        {product} {ergonomic}
   size_t InitialHeapSize                          = 67108864                                  {product} {ergonomic}
   size_t MarkStackSize                            = 4194304                                   {product} {ergonomic}
   size_t MaxHeapSize                              = 1050673152                                {product} {ergonomic}
   size_t MinHeapDeltaBytes                        = 1048576                                   {product} {ergonomic}
   size_t MinHeapSize                              = 8388608                                   {product} {ergonomic}
    uintx NonNMethodCodeHeapSize                   = 5832780                                {pd product} {ergonomic}
    uintx NonProfiledCodeHeapSize                  = 122912730                              {pd product} {ergonomic}
    uintx ProfiledCodeHeapSize                     = 122912730                              {pd product} {ergonomic}
    uintx ReservedCodeCacheSize                    = 251658240                              {pd product} {ergonomic}
     bool SegmentedCodeCache                       = true                                      {product} {ergonomic}
   size_t SoftMaxHeapSize                          = 1050673152                             {manageable} {ergonomic}
     bool UseCompressedClassPointers               = true                           {product lp64_product} {ergonomic}
     bool UseCompressedOops                        = true                           {product lp64_product} {ergonomic}
     bool UseG1GC                                  = true                                      {product} {ergonomic}
     bool UseLargePagesIndividualAllocation        = false                                  {pd product} {ergonomic}

Logging:
Log output configuration:
 #0: stdout all=warning uptime,level,tags foldmultilines=false
 #1: stderr all=off uptime,level,tags foldmultilines=false

Environment Variables:
JAVA_HOME=C:\Program Files\Java\jdk-20\bin
PATH=C:\Program Files\Common Files\Oracle\Java\javapath;C:\Windows\system32;C:\Windows;C:\Windows\System32\Wbem;C:\Windows\System32\WindowsPowerShell\v1.0\;C:\Program Files\dotnet\;"C:\mysql-connector-j-8.1.0.jar;.;";C:\Program Files\MySQL\MySQL Shell 8.0\bin\;C:\Users\Ankit Yadav\AppData\Local\Programs\Python\Python311\Scripts\;C:\Users\Ankit Yadav\AppData\Local\Programs\Python\Python311\;C:\Users\Ankit Yadav\AppData\Local\Microsoft\WindowsApps;C:\Users\Ankit Yadav\AppData\Local\Programs\Microsoft VS Code\bin;C:\MinGW\bin;C:\Program Files\Java\jdk-20\bin;C:\Program Files\JetBrains\IntelliJ IDEA Community Edition 2023.1.2\bin;;C:\xampp\mysql\bin;
USERNAME=Ankit Yadav
OS=Windows_NT
PROCESSOR_IDENTIFIER=Intel64 Family 6 Model 58 Stepping 9, GenuineIntel
TMP=C:\Users\ANKITY~1\AppData\Local\Temp
TEMP=C:\Users\ANKITY~1\AppData\Local\Temp




---------------  S Y S T E M  ---------------

OS:
 Windows 10 , 64 bit Build 15063 (10.0.15063.1058)
OS uptime: 0 days 8:56 hours

CPU: total 4 (initial active 4) (2 cores per cpu, 2 threads per core) family 6 model 58 stepping 9 microcode 0x1f, cx8, cmov, fxsr, ht, mmx, sse, sse2, sse3, ssse3, sse4.1, sse4.2, popcnt, tsc, tscinvbit, avx, aes, erms, clmul, vzeroupper, clflush, rdtscp, f16c

Memory: 4k page, system-wide physical 4000M (390M free)
TotalPageFile size 16288M (AvailPageFile size 62M)
current process WorkingSet (physical memory assigned to process): 10M, peak: 10M
current process commit charge ("private bytes"): 51M, peak: 115M

vm_info: Java HotSpot(TM) 64-Bit Server VM (20.0.1+9-29) for windows-amd64 JRE (20.0.1+9-29), built on 2023-03-07T13:56:11Z by "mach5one" with MS VC++ 17.1 (VS2022)

END.
